#
# A fatal error has been detected by the Java Runtime Environment:
#
#  SIGSEGV (0xb) at pc=0x00007f0b0e9810ad, pid=5907, tid=5909
#
# JRE version: OpenJDK Runtime Environment (11.0.9.1+1) (build 11.0.9.1+1-Ubuntu-0ubuntu1.20.04)
# Java VM: OpenJDK 64-Bit Server VM (11.0.9.1+1-Ubuntu-0ubuntu1.20.04, mixed mode, sharing, tiered, compressed oops, g1 gc, linux-amd64)
# Problematic frame:
# C  [libjimage.so+0x30ad]
#
# Core dump will be written. Default location: Core dumps may be processed with "/usr/share/apport/apport %p %s %c %d %P %E" (or dumping to /home/yme/eclipse-workspace/JAVARaa/intermediate/core.5907)
#
# If you would like to submit a bug report, please visit:
#   https://bugs.launchpad.net/ubuntu/+source/openjdk-lts
#

---------------  S U M M A R Y ------------

Command Line: -agentlib:jdwp=transport=dt_socket,suspend=y,address=localhost:45507 -javaagent:/home/yme/eclipse/java-2020-06/eclipse/configuration/org.eclipse.osgi/215/0/.cp/lib/javaagent-shaded.jar -Dfile.encoding=UTF-8 intermediate.CurrencyConverter

Host: Intel(R) Core(TM) i5-3320M CPU @ 2.60GHz, 4 cores, 7G, Ubuntu 20.04.1 LTS
Time: Tue Jan 12 00:46:47 2021 GMT elapsed time: 2306.282348 seconds (0d 0h 38m 26s)

---------------  T H R E A D  ---------------

Current thread (0x00007f0b08017800):  JavaThread "main" [_thread_in_vm, id=5909, stack(0x00007f0b0d053000,0x00007f0b0d154000)]

Stack: [0x00007f0b0d053000,0x00007f0b0d154000],  sp=0x00007f0b0d151110,  free space=1016k
Native frames: (J=compiled Java code, A=aot compiled Java code, j=interpreted, Vv=VM code, C=native code)
C  [libjimage.so+0x30ad]
C  [libjimage.so+0x3da2]
C  [libjimage.so+0x42b1]  JIMAGE_FindResource+0xf1
V  [libjvm.so+0x5ae8d1]