#
# A fatal error has been detected by the Java Runtime Environment:
#
#  SIGSEGV (0xb) at pc=0x00007f7d8ed8d0ad, pid=199543, tid=199551
#
# JRE version: OpenJDK Runtime Environment (11.0.10+9) (build 11.0.10+9-Ubuntu-0ubuntu1.20.04)
# Java VM: OpenJDK 64-Bit Server VM (11.0.10+9-Ubuntu-0ubuntu1.20.04, mixed mode, sharing, tiered, compressed oops, g1 gc, linux-amd64)
# Problematic frame:
# C  [libjimage.so+0x30ad]
#
# Core dump will be written. Default location: Core dumps may be processed with "/usr/share/apport/apport %p %s %c %d %P %E" (or dumping to /home/yme/eclipse-workspace/JAVARaa/intermediate/core.199543)
#
# If you would like to submit a bug report, please visit:
#   https://bugs.launchpad.net/ubuntu/+source/openjdk-lts
#

---------------  S U M M A R Y ------------

Command Line: -agentlib:jdwp=transport=dt_socket,suspend=y,address=localhost:44327 -javaagent:/home/yme/eclipse/java-2020-06/eclipse/configuration/org.eclipse.osgi/215/0/.cp/lib/javaagent-shaded.jar -Dfile.encoding=UTF-8 intermediate.quicksort

Host: Intel(R) Core(TM) i5-3320M CPU @ 2.60GHz, 4 cores, 7G, Ubuntu 20.04.2 LTS
Time: Fri Mar  5 09:43:20 2021 GMT elapsed time: 3101.939084 seconds (0d 0h 51m 41s)

---------------  T H R E A D  ---------------

Current thread (0x00007f7d88017800):  JavaThread "main" [_thread_in_vm, id=199551, stack(0x00007f7d8d45f000,0x00007f7d8d560000)]

Stack: [0x00007f7d8d45f000,0x00007f7d8d560000],  sp=0x00007f7d8d55d0f0,  free space=1016k
Native frames: (J=compiled Java code, A=aot compiled Java code, j=interpreted, Vv=VM code, C=native code)
C  [libjimage.so+0x30ad]
C  [libjimage.so+0x3da2]
C  [libjimage.so+0x42b1]  JIMAGE_FindResource+0xf1
V  [libjvm.so+0x5af401]
V  [libjvm.so+0x5b1bb1]
V  [libjvm.so+0xde46ed]
V  [libjvm.so+0xde327a]
V  [libjvm.so+0xde583b]
V  [libjvm.so+0x66111e]
V  [libjvm.so+0x84ee46]
j  java.util.Scanner.throwFor()V+26 java.base@11.0.10
j  java.util.Scanner.next(Ljava/util/regex/Pattern;)Ljava/lang/String;+80 java.base@11.0.10
j  java.util.Scanner.nextInt(I)I+56 java.base@11.0.10
j  java.util.Scanner.nextInt()I+5 java.base@11.0.10
j  intermediate.quicksort.main([Ljava/lang/String;)V+58
v  ~StubRoutines::call_stub
V  [libjvm.so+0x857b39]
V  [libjvm.so+0x8d22c6]
V  [libjvm.so+0x8d4c80]
C  [libjli.so+0x5a6a]
C  [libjli.so+0x9ce1]

Java frames: (J=compiled Java code, j=interpreted, Vv=VM code)
j  java.util.Scanner.throwFor()V+26 java.base@11.0.10
j  java.util.Scanner.next(Ljava/util/regex/Pattern;)Ljava/lang/String;+80 java.base@11.0.10
j  java.util.Scanner.nextInt(I)I+56 java.base@11.0.10
j  java.util.Scanner.nextInt()I+5 java.base@11.0.10
j  intermediate.quicksort.main([Ljava/lang/String;)V+58
v  ~StubRoutines::call_stub

siginfo: si_signo: 11 (SIGSEGV), si_code: 1 (SEGV_MAPERR), si_addr: 0x00007f7d7f899ad4

Register to memory mapping:

RAX=0x00000000000022ae is an unknown value
RBX=0x00007f7d8d55d1a1 is pointing into the stack for thread: 0x00007f7d88017800
RCX=0x00007f7d8d55d1c9 is pointing into the stack for thread: 0x00007f7d88017800
RDX=0x00000000000022ae is an unknown value
RSP=0x00007f7d8d55d0f0 is pointing into the stack for thread: 0x00007f7d88017800
RBP=0x00007f7d8d55d110 is pointing into the stack for thread: 0x00007f7d88017800
RSI=0x0 is NULL
RDI=0x00007f7d8ed92030: <offset 0x0000000000008030> in /usr/lib/jvm/java-11-openjdk-amd64/lib/libjimage.so at 0x00007f7d8ed8a000
R8 =0x00007f7d7f89101c is an unknown value
R9 =0x00007f7d8d55dfb0 is pointing into the stack for thread: 0x00007f7d88017800
R10=0x00007f7d8e7eb400: <offset 0x0000000000f40400> in /usr/lib/jvm/java-11-openjdk-amd64/lib/server/libjvm.so at 0x00007f7d8d8ab000
R11=0x00007f7d8ed48210: <offset 0x00000000001b2210> in /lib/x86_64-linux-gnu/libc.so.6 at 0x00007f7d8eb96000
R12=0x0000000000008424 is an unknown value
R13=0x00007f7d8d55d1a0 is pointing into the stack for thread: 0x00007f7d88017800
R14=0x0 is NULL
R15=0x00007f7d88016ab0 points into unknown readable memory: 0x6974752f6176616a | 6a 61 76 61 2f 75 74 69


Registers:
RAX=0x00000000000022ae, RBX=0x00007f7d8d55d1a1, RCX=0x00007f7d8d55d1c9, RDX=0x00000000000022ae
RSP=0x00007f7d8d55d0f0, RBP=0x00007f7d8d55d110, RSI=0x0000000000000000, RDI=0x00007f7d8ed92030
R8 =0x00007f7d7f89101c, R9 =0x00007f7d8d55dfb0, R10=0x00007f7d8e7eb400, R11=0x00007f7d8ed48210
R12=0x0000000000008424, R13=0x00007f7d8d55d1a0, R14=0x0000000000000000, R15=0x00007f7d88016ab0
RIP=0x00007f7d8ed8d0ad, EFLAGS=0x0000000000010246, CSGSFS=0x002b000000000033, ERR=0x0000000000000004
  TRAPNO=0x000000000000000e

Top of Stack: (sp=0x00007f7d8d55d0f0)
0x00007f7d8d55d0f0:   000000008dc70ca8 00007f7d8d55e238
0x00007f7d8d55d100:   00007f7d88009b20 00007f7d8d55d1a0
0x00007f7d8d55d110:   00007f7d8d55d180 00007f7d8ed8dda2
0x00007f7d8d55d120:   00007f7d8d55d120 00007f7d619f79d9 

Instructions: (pc=0x00007f7d8ed8d0ad)
0x00007f7d8ed8cfad:   f3 ff ff 44 03 65 90 e9 3f fe ff ff 0f 1f 80 00
0x00007f7d8ed8cfbd:   00 00 00 41 8b 10 41 89 55 00 41 8b 54 00 fc 41
0x00007f7d8ed8cfcd:   89 54 05 fc e9 82 fc ff ff 66 2e 0f 1f 84 00 00
0x00007f7d8ed8cfdd:   00 00 00 b9 0a 00 00 00 e9 f0 fc ff ff 41 0f b7
0x00007f7d8ed8cfed:   54 00 fe 66 41 89 54 05 fe e9 5d fc ff ff 0f 1f
0x00007f7d8ed8cffd:   44 00 00 f3 0f 1e fa 0f b6 17 89 f0 89 f1 4c 8d
0x00007f7d8ed8d00d:   47 01 84 d2 74 1c 0f 1f 44 00 00 69 c9 93 01 00
0x00007f7d8ed8d01d:   01 49 83 c0 01 31 d1 41 0f b6 50 ff 84 d2 75 eb
0x00007f7d8ed8d02d:   89 c8 25 ff ff ff 7f c3 90 66 2e 0f 1f 84 00 00
0x00007f7d8ed8d03d:   00 00 00 f3 0f 1e fa 48 85 d2 0f 84 da 00 00 00
0x00007f7d8ed8d04d:   55 48 89 e5 41 55 41 54 41 89 cc 53 48 83 ec 08
0x00007f7d8ed8d05d:   85 c9 0f 84 ba 00 00 00 49 89 f5 48 8d 5e 01 0f
0x00007f7d8ed8d06d:   b6 36 49 89 d0 40 84 f6 0f 84 9d 00 00 00 48 89
0x00007f7d8ed8d07d:   d9 b8 93 01 00 01 0f 1f 44 00 00 69 d0 93 01 00
0x00007f7d8ed8d08d:   01 48 83 c1 01 40 0f b6 c6 0f b6 71 ff 31 d0 40
0x00007f7d8ed8d09d:   84 f6 75 e7 25 ff ff ff 7f 31 d2 41 f7 f4 89 d0
0x00007f7d8ed8d0ad:   41 8b 34 80 48 8b 07 ff 50 20 85 c0 7f 15 74 62
0x00007f7d8ed8d0bd:   f7 d0 41 89 c0 48 83 c4 08 44 89 c0 5b 41 5c 41
0x00007f7d8ed8d0cd:   5d 5d c3 41 0f b6 4d 00 89 c6 84 c9 74 1b 0f 1f
0x00007f7d8ed8d0dd:   44 00 00 69 f6 93 01 00 01 48 83 c3 01 31 ce 0f
0x00007f7d8ed8d0ed:   b6 4b ff 84 c9 75 ec 89 f0 25 ff ff ff 7f 31 d2
0x00007f7d8ed8d0fd:   48 83 c4 08 41 f7 f4 5b 41 5c 41 5d 5d 41 89 d0
0x00007f7d8ed8d10d:   44 89 c0 c3 0f 1f 80 00 00 00 00 b8 93 01 00 01
0x00007f7d8ed8d11d:   eb 87 41 b8 ff ff ff ff eb 9b 41 83 c8 ff 44 89
0x00007f7d8ed8d12d:   c0 c3 90 f3 0f 1e fa eb 1d 66 2e 0f 1f 84 00 00
0x00007f7d8ed8d13d:   00 00 00 0f b6 16 84 d2 74 13 38 c2 75 15 48 83
0x00007f7d8ed8d14d:   c7 01 48 83 c6 01 0f b6 07 84 c0 75 e6 48 89 f8
0x00007f7d8ed8d15d:   c3 66 90 31 c0 c3 90 66 66 2e 0f 1f 84 00 00 00
0x00007f7d8ed8d16d:   00 00 90 f3 0f 1e fa 48 85 f6 74 51 0f b6 06 84
0x00007f7d8ed8d17d:   c0 74 4a 0f b6 d0 83 e0 07 c1 fa 03 44 8d 50 01
0x00007f7d8ed8d18d:   0f b6 c0 41 89 d1 4c 8d 44 06 02 48 8d 56 01 31
0x00007f7d8ed8d19d:   c0 66 90 0f b6 0a 48 c1 e0 08 48 83 c2 01 48 09 


Stack slot to memory mapping:
stack at sp + 0 slots: 0x000000008dc70ca8 points into unknown readable memory: 0x0000000000000001 | 01 00 00 00 00 00 00 00
stack at sp + 1 slots: 0x00007f7d8d55e238 is pointing into the stack for thread: 0x00007f7d88017800
stack at sp + 2 slots: 0x00007f7d88009b20 points into unknown readable memory: 0x0000000000000000 | 00 00 00 00 00 00 00 00
stack at sp + 3 slots: 0x00007f7d8d55d1a0 is pointing into the stack for thread: 0x00007f7d88017800
stack at sp + 4 slots: 0x00007f7d8d55d180 is pointing into the stack for thread: 0x00007f7d88017800
stack at sp + 5 slots: 0x00007f7d8ed8dda2: <offset 0x0000000000003da2> in /usr/lib/jvm/java-11-openjdk-amd64/lib/libjimage.so at 0x00007f7d8ed8a000
stack at sp + 6 slots: 0x00007f7d8d55d120 is pointing into the stack for thread: 0x00007f7d88017800
stack at sp + 7 slots: 0x00007f7d619f79d9 is pointing into metadata


---------------  P R O C E S S  ---------------

Threads class SMR info:
_java_thread_list=0x00007f7d20001e50, length=11, elements={
0x00007f7d88017800, 0x00007f7d88175800, 0x00007f7d88177800, 0x00007f7d8817e000,
0x00007f7d88180000, 0x00007f7d88182000, 0x00007f7d88184800, 0x00007f7d88186800,
0x00007f7d881c4000, 0x00007f7d8820d000, 0x00007f7d88219800
}

Java Threads: ( => current thread )
=>0x00007f7d88017800 JavaThread "main" [_thread_in_vm, id=199551, stack(0x00007f7d8d45f000,0x00007f7d8d560000)]
  0x00007f7d88175800 JavaThread "Reference Handler" daemon [_thread_blocked, id=199558, stack(0x00007f7d6813d000,0x00007f7d6823e000)]
  0x00007f7d88177800 JavaThread "Finalizer" daemon [_thread_blocked, id=199559, stack(0x00007f7d6803c000,0x00007f7d6813d000)]
  0x00007f7d8817e000 JavaThread "Signal Dispatcher" daemon [_thread_in_vm, id=199560, stack(0x00007f7d61140000,0x00007f7d61241000)]
  0x00007f7d88180000 JavaThread "Service Thread" daemon [_thread_blocked, id=199561, stack(0x00007f7d6103f000,0x00007f7d61140000)]
  0x00007f7d88182000 JavaThread "C2 CompilerThread0" daemon [_thread_blocked, id=199562, stack(0x00007f7d60f3e000,0x00007f7d6103f000)]
  0x00007f7d88184800 JavaThread "C1 CompilerThread0" daemon [_thread_blocked, id=199563, stack(0x00007f7d60e3d000,0x00007f7d60f3e000)]
  0x00007f7d88186800 JavaThread "Sweeper thread" daemon [_thread_blocked, id=199564, stack(0x00007f7d60d3c000,0x00007f7d60e3d000)]
  0x00007f7d881c4000 JavaThread "Common-Cleaner" daemon [_thread_blocked, id=199565, stack(0x00007f7d60c3b000,0x00007f7d60d3c000)]
  0x00007f7d8820d000 JavaThread "JDWP Transport Listener: dt_socket" daemon [_thread_in_native, id=199579, stack(0x00007f7d60b3a000,0x00007f7d60c3b000)]
  0x00007f7d88219800 JavaThread "JDWP Event Helper Thread" daemon [_thread_blocked, id=199581, stack(0x00007f7d60a39000,0x00007f7d60b3a000)]

Other Threads:
  0x00007f7d88172800 VMThread "VM Thread" [stack: 0x00007f7d68240000,0x00007f7d68340000] [id=199557]
  0x00007f7d882ae000 WatcherThread [stack: 0x00007f7d60838000,0x00007f7d60938000] [id=199585]
  0x00007f7d8802f800 GCTaskThread "GC Thread#0" [stack: 0x00007f7d8d0c8000,0x00007f7d8d1c8000] [id=199552]
  0x00007f7d88060000 ConcurrentGCThread "G1 Main Marker" [stack: 0x00007f7d8c01d000,0x00007f7d8c11d000] [id=199553]
  0x00007f7d88062000 ConcurrentGCThread "G1 Conc#0" [stack: 0x00007f7d70791000,0x00007f7d70891000] [id=199554]
  0x00007f7d880d8800 ConcurrentGCThread "G1 Refine#0" [stack: 0x00007f7d7028b000,0x00007f7d7038b000] [id=199555]
  0x00007f7d880da800 ConcurrentGCThread "G1 Young RemSet Sampling" [stack: 0x00007f7d70189000,0x00007f7d70289000] [id=199556]

Threads with active compile tasks:

VM state:not at safepoint (normal execution)

VM Mutex/Monitor currently owned by a thread: None

Heap address: 0x0000000086800000, size: 1944 MB, Compressed Oops mode: 32-bit
Narrow klass base: 0x0000000800000000, Narrow klass shift: 3
Compressed class space size: 1073741824 Address: 0x0000000840000000

Heap:
 garbage-first heap   total 126976K, used 5832K [0x0000000086800000, 0x0000000100000000)
  region size 1024K, 6 young (6144K), 0 survivors (0K)
 Metaspace       used 2962K, capacity 4890K, committed 5120K, reserved 1056768K
  class space    used 273K, capacity 458K, committed 512K, reserved 1048576K
Heap Regions: E=young(eden), S=young(survivor), O=old, HS=humongous(starts), HC=humongous(continues), CS=collection set, F=free, A=archive, TAMS=top-at-mark-start (previous, next)
|   0|0x0000000086800000, 0x0000000086800000, 0x0000000086900000|  0%| F|  |TAMS 0x0000000086800000, 0x0000000086800000| Untracked 
|   1|0x0000000086900000, 0x0000000086900000, 0x0000000086a00000|  0%| F|  |TAMS 0x0000000086900000, 0x0000000086900000| Untracked 
|   2|0x0000000086a00000, 0x0000000086a00000, 0x0000000086b00000|  0%| F|  |TAMS 0x0000000086a00000, 0x0000000086a00000| Untracked 
|   3|0x0000000086b00000, 0x0000000086b00000, 0x0000000086c00000|  0%| F|  |TAMS 0x0000000086b00000, 0x0000000086b00000| Untracked 
|   4|0x0000000086c00000, 0x0000000086c00000, 0x0000000086d00000|  0%| F|  |TAMS 0x0000000086c00000, 0x0000000086c00000| Untracked 
|   5|0x0000000086d00000, 0x0000000086d00000, 0x0000000086e00000|  0%| F|  |TAMS 0x0000000086d00000, 0x0000000086d00000| Untracked 
|   6|0x0000000086e00000, 0x0000000086e00000, 0x0000000086f00000|  0%| F|  |TAMS 0x0000000086e00000, 0x0000000086e00000| Untracked 
|   7|0x0000000086f00000, 0x0000000086f00000, 0x0000000087000000|  0%| F|  |TAMS 0x0000000086f00000, 0x0000000086f00000| Untracked 
|   8|0x0000000087000000, 0x0000000087000000, 0x0000000087100000|  0%| F|  |TAMS 0x0000000087000000, 0x0000000087000000| Untracked 
|   9|0x0000000087100000, 0x0000000087100000, 0x0000000087200000|  0%| F|  |TAMS 0x0000000087100000, 0x0000000087100000| Untracked 
|  10|0x0000000087200000, 0x0000000087200000, 0x0000000087300000|  0%| F|  |TAMS 0x0000000087200000, 0x0000000087200000| Untracked 
|  11|0x0000000087300000, 0x0000000087300000, 0x0000000087400000|  0%| F|  |TAMS 0x0000000087300000, 0x0000000087300000| Untracked 
|  12|0x0000000087400000, 0x0000000087400000, 0x0000000087500000|  0%| F|  |TAMS 0x0000000087400000, 0x0000000087400000| Untracked 
|  13|0x0000000087500000, 0x0000000087500000, 0x0000000087600000|  0%| F|  |TAMS 0x0000000087500000, 0x0000000087500000| Untracked 
|  14|0x0000000087600000, 0x0000000087600000, 0x0000000087700000|  0%| F|  |TAMS 0x0000000087600000, 0x0000000087600000| Untracked 
|  15|0x0000000087700000, 0x0000000087700000, 0x0000000087800000|  0%| F|  |TAMS 0x0000000087700000, 0x0000000087700000| Untracked 
|  16|0x0000000087800000, 0x0000000087800000, 0x0000000087900000|  0%| F|  |TAMS 0x0000000087800000, 0x0000000087800000| Untracked 
|  17|0x0000000087900000, 0x0000000087900000, 0x0000000087a00000|  0%| F|  |TAMS 0x0000000087900000, 0x0000000087900000| Untracked 
|  18|0x0000000087a00000, 0x0000000087a00000, 0x0000000087b00000|  0%| F|  |TAMS 0x0000000087a00000, 0x0000000087a00000| Untracked 
|  19|0x0000000087b00000, 0x0000000087b00000, 0x0000000087c00000|  0%| F|  |TAMS 0x0000000087b00000, 0x0000000087b00000| Untracked 
|  20|0x0000000087c00000, 0x0000000087c00000, 0x0000000087d00000|  0%| F|  |TAMS 0x0000000087c00000, 0x0000000087c00000| Untracked 
|  21|0x0000000087d00000, 0x0000000087d00000, 0x0000000087e00000|  0%| F|  |TAMS 0x0000000087d00000, 0x0000000087d00000| Untracked 
|  22|0x0000000087e00000, 0x0000000087e00000, 0x0000000087f00000|  0%| F|  |TAMS 0x0000000087e00000, 0x0000000087e00000| Untracked 
|  23|0x0000000087f00000, 0x0000000087f00000, 0x0000000088000000|  0%| F|  |TAMS 0x0000000087f00000, 0x0000000087f00000| Untracked 
|  24|0x0000000088000000, 0x0000000088000000, 0x0000000088100000|  0%| F|  |TAMS 0x0000000088000000, 0x0000000088000000| Untracked 
|  25|0x0000000088100000, 0x0000000088100000, 0x0000000088200000|  0%| F|  |TAMS 0x0000000088100000, 0x0000000088100000| Untracked 
|  26|0x0000000088200000, 0x0000000088200000, 0x0000000088300000|  0%| F|  |TAMS 0x0000000088200000, 0x0000000088200000| Untracked 
|  27|0x0000000088300000, 0x0000000088300000, 0x0000000088400000|  0%| F|  |TAMS 0x0000000088300000, 0x0000000088300000| Untracked 
|  28|0x0000000088400000, 0x0000000088400000, 0x0000000088500000|  0%| F|  |TAMS 0x0000000088400000, 0x0000000088400000| Untracked 
|  29|0x0000000088500000, 0x0000000088500000, 0x0000000088600000|  0%| F|  |TAMS 0x0000000088500000, 0x0000000088500000| Untracked 
|  30|0x0000000088600000, 0x0000000088600000, 0x0000000088700000|  0%| F|  |TAMS 0x0000000088600000, 0x0000000088600000| Untracked 
|  31|0x0000000088700000, 0x0000000088700000, 0x0000000088800000|  0%| F|  |TAMS 0x0000000088700000, 0x0000000088700000| Untracked 
|  32|0x0000000088800000, 0x0000000088800000, 0x0000000088900000|  0%| F|  |TAMS 0x0000000088800000, 0x0000000088800000| Untracked 
|  33|0x0000000088900000, 0x0000000088900000, 0x0000000088a00000|  0%| F|  |TAMS 0x0000000088900000, 0x0000000088900000| Untracked 
|  34|0x0000000088a00000, 0x0000000088a00000, 0x0000000088b00000|  0%| F|  |TAMS 0x0000000088a00000, 0x0000000088a00000| Untracked 
|  35|0x0000000088b00000, 0x0000000088b00000, 0x0000000088c00000|  0%| F|  |TAMS 0x0000000088b00000, 0x0000000088b00000| Untracked 
|  36|0x0000000088c00000, 0x0000000088c00000, 0x0000000088d00000|  0%| F|  |TAMS 0x0000000088c00000, 0x0000000088c00000| Untracked 
|  37|0x0000000088d00000, 0x0000000088d00000, 0x0000000088e00000|  0%| F|  |TAMS 0x0000000088d00000, 0x0000000088d00000| Untracked 
|  38|0x0000000088e00000, 0x0000000088e00000, 0x0000000088f00000|  0%| F|  |TAMS 0x0000000088e00000, 0x0000000088e00000| Untracked 
|  39|0x0000000088f00000, 0x0000000088f00000, 0x0000000089000000|  0%| F|  |TAMS 0x0000000088f00000, 0x0000000088f00000| Untracked 
|  40|0x0000000089000000, 0x0000000089000000, 0x0000000089100000|  0%| F|  |TAMS 0x0000000089000000, 0x0000000089000000| Untracked 
|  41|0x0000000089100000, 0x0000000089100000, 0x0000000089200000|  0%| F|  |TAMS 0x0000000089100000, 0x0000000089100000| Untracked 
|  42|0x0000000089200000, 0x0000000089200000, 0x0000000089300000|  0%| F|  |TAMS 0x0000000089200000, 0x0000000089200000| Untracked 
|  43|0x0000000089300000, 0x0000000089300000, 0x0000000089400000|  0%| F|  |TAMS 0x0000000089300000, 0x0000000089300000| Untracked 
|  44|0x0000000089400000, 0x0000000089400000, 0x0000000089500000|  0%| F|  |TAMS 0x0000000089400000, 0x0000000089400000| Untracked 
|  45|0x0000000089500000, 0x0000000089500000, 0x0000000089600000|  0%| F|  |TAMS 0x0000000089500000, 0x0000000089500000| Untracked 
|  46|0x0000000089600000, 0x0000000089600000, 0x0000000089700000|  0%| F|  |TAMS 0x0000000089600000, 0x0000000089600000| Untracked 
|  47|0x0000000089700000, 0x0000000089700000, 0x0000000089800000|  0%| F|  |TAMS 0x0000000089700000, 0x0000000089700000| Untracked 
|  48|0x0000000089800000, 0x0000000089800000, 0x0000000089900000|  0%| F|  |TAMS 0x0000000089800000, 0x0000000089800000| Untracked 
|  49|0x0000000089900000, 0x0000000089900000, 0x0000000089a00000|  0%| F|  |TAMS 0x0000000089900000, 0x0000000089900000| Untracked 
|  50|0x0000000089a00000, 0x0000000089a00000, 0x0000000089b00000|  0%| F|  |TAMS 0x0000000089a00000, 0x0000000089a00000| Untracked 
|  51|0x0000000089b00000, 0x0000000089b00000, 0x0000000089c00000|  0%| F|  |TAMS 0x0000000089b00000, 0x0000000089b00000| Untracked 
|  52|0x0000000089c00000, 0x0000000089c00000, 0x0000000089d00000|  0%| F|  |TAMS 0x0000000089c00000, 0x0000000089c00000| Untracked 
|  53|0x0000000089d00000, 0x0000000089d00000, 0x0000000089e00000|  0%| F|  |TAMS 0x0000000089d00000, 0x0000000089d00000| Untracked 
|  54|0x0000000089e00000, 0x0000000089e00000, 0x0000000089f00000|  0%| F|  |TAMS 0x0000000089e00000, 0x0000000089e00000| Untracked 
|  55|0x0000000089f00000, 0x0000000089f00000, 0x000000008a000000|  0%| F|  |TAMS 0x0000000089f00000, 0x0000000089f00000| Untracked 
|  56|0x000000008a000000, 0x000000008a000000, 0x000000008a100000|  0%| F|  |TAMS 0x000000008a000000, 0x000000008a000000| Untracked 
|  57|0x000000008a100000, 0x000000008a100000, 0x000000008a200000|  0%| F|  |TAMS 0x000000008a100000, 0x000000008a100000| Untracked 
|  58|0x000000008a200000, 0x000000008a200000, 0x000000008a300000|  0%| F|  |TAMS 0x000000008a200000, 0x000000008a200000| Untracked 
|  59|0x000000008a300000, 0x000000008a300000, 0x000000008a400000|  0%| F|  |TAMS 0x000000008a300000, 0x000000008a300000| Untracked 
|  60|0x000000008a400000, 0x000000008a400000, 0x000000008a500000|  0%| F|  |TAMS 0x000000008a400000, 0x000000008a400000| Untracked 
|  61|0x000000008a500000, 0x000000008a500000, 0x000000008a600000|  0%| F|  |TAMS 0x000000008a500000, 0x000000008a500000| Untracked 
|  62|0x000000008a600000, 0x000000008a600000, 0x000000008a700000|  0%| F|  |TAMS 0x000000008a600000, 0x000000008a600000| Untracked 
|  63|0x000000008a700000, 0x000000008a700000, 0x000000008a800000|  0%| F|  |TAMS 0x000000008a700000, 0x000000008a700000| Untracked 
|  64|0x000000008a800000, 0x000000008a800000, 0x000000008a900000|  0%| F|  |TAMS 0x000000008a800000, 0x000000008a800000| Untracked 
|  65|0x000000008a900000, 0x000000008a900000, 0x000000008aa00000|  0%| F|  |TAMS 0x000000008a900000, 0x000000008a900000| Untracked 
|  66|0x000000008aa00000, 0x000000008aa00000, 0x000000008ab00000|  0%| F|  |TAMS 0x000000008aa00000, 0x000000008aa00000| Untracked 
|  67|0x000000008ab00000, 0x000000008ab00000, 0x000000008ac00000|  0%| F|  |TAMS 0x000000008ab00000, 0x000000008ab00000| Untracked 
|  68|0x000000008ac00000, 0x000000008ac00000, 0x000000008ad00000|  0%| F|  |TAMS 0x000000008ac00000, 0x000000008ac00000| Untracked 
|  69|0x000000008ad00000, 0x000000008ad00000, 0x000000008ae00000|  0%| F|  |TAMS 0x000000008ad00000, 0x000000008ad00000| Untracked 
|  70|0x000000008ae00000, 0x000000008ae00000, 0x000000008af00000|  0%| F|  |TAMS 0x000000008ae00000, 0x000000008ae00000| Untracked 
|  71|0x000000008af00000, 0x000000008af00000, 0x000000008b000000|  0%| F|  |TAMS 0x000000008af00000, 0x000000008af00000| Untracked 
|  72|0x000000008b000000, 0x000000008b000000, 0x000000008b100000|  0%| F|  |TAMS 0x000000008b000000, 0x000000008b000000| Untracked 
|  73|0x000000008b100000, 0x000000008b100000, 0x000000008b200000|  0%| F|  |TAMS 0x000000008b100000, 0x000000008b100000| Untracked 
|  74|0x000000008b200000, 0x000000008b200000, 0x000000008b300000|  0%| F|  |TAMS 0x000000008b200000, 0x000000008b200000| Untracked 
|  75|0x000000008b300000, 0x000000008b300000, 0x000000008b400000|  0%| F|  |TAMS 0x000000008b300000, 0x000000008b300000| Untracked 
|  76|0x000000008b400000, 0x000000008b400000, 0x000000008b500000|  0%| F|  |TAMS 0x000000008b400000, 0x000000008b400000| Untracked 
|  77|0x000000008b500000, 0x000000008b500000, 0x000000008b600000|  0%| F|  |TAMS 0x000000008b500000, 0x000000008b500000| Untracked 
|  78|0x000000008b600000, 0x000000008b600000, 0x000000008b700000|  0%| F|  |TAMS 0x000000008b600000, 0x000000008b600000| Untracked 
|  79|0x000000008b700000, 0x000000008b700000, 0x000000008b800000|  0%| F|  |TAMS 0x000000008b700000, 0x000000008b700000| Untracked 
|  80|0x000000008b800000, 0x000000008b800000, 0x000000008b900000|  0%| F|  |TAMS 0x000000008b800000, 0x000000008b800000| Untracked 
|  81|0x000000008b900000, 0x000000008b900000, 0x000000008ba00000|  0%| F|  |TAMS 0x000000008b900000, 0x000000008b900000| Untracked 
|  82|0x000000008ba00000, 0x000000008ba00000, 0x000000008bb00000|  0%| F|  |TAMS 0x000000008ba00000, 0x000000008ba00000| Untracked 
|  83|0x000000008bb00000, 0x000000008bb00000, 0x000000008bc00000|  0%| F|  |TAMS 0x000000008bb00000, 0x000000008bb00000| Untracked 
|  84|0x000000008bc00000, 0x000000008bc00000, 0x000000008bd00000|  0%| F|  |TAMS 0x000000008bc00000, 0x000000008bc00000| Untracked 
|  85|0x000000008bd00000, 0x000000008bd00000, 0x000000008be00000|  0%| F|  |TAMS 0x000000008bd00000, 0x000000008bd00000| Untracked 
|  86|0x000000008be00000, 0x000000008be00000, 0x000000008bf00000|  0%| F|  |TAMS 0x000000008be00000, 0x000000008be00000| Untracked 
|  87|0x000000008bf00000, 0x000000008bf00000, 0x000000008c000000|  0%| F|  |TAMS 0x000000008bf00000, 0x000000008bf00000| Untracked 
|  88|0x000000008c000000, 0x000000008c000000, 0x000000008c100000|  0%| F|  |TAMS 0x000000008c000000, 0x000000008c000000| Untracked 
|  89|0x000000008c100000, 0x000000008c100000, 0x000000008c200000|  0%| F|  |TAMS 0x000000008c100000, 0x000000008c100000| Untracked 
|  90|0x000000008c200000, 0x000000008c200000, 0x000000008c300000|  0%| F|  |TAMS 0x000000008c200000, 0x000000008c200000| Untracked 
|  91|0x000000008c300000, 0x000000008c300000, 0x000000008c400000|  0%| F|  |TAMS 0x000000008c300000, 0x000000008c300000| Untracked 
|  92|0x000000008c400000, 0x000000008c400000, 0x000000008c500000|  0%| F|  |TAMS 0x000000008c400000, 0x000000008c400000| Untracked 
|  93|0x000000008c500000, 0x000000008c500000, 0x000000008c600000|  0%| F|  |TAMS 0x000000008c500000, 0x000000008c500000| Untracked 
|  94|0x000000008c600000, 0x000000008c600000, 0x000000008c700000|  0%| F|  |TAMS 0x000000008c600000, 0x000000008c600000| Untracked 
|  95|0x000000008c700000, 0x000000008c700000, 0x000000008c800000|  0%| F|  |TAMS 0x000000008c700000, 0x000000008c700000| Untracked 
|  96|0x000000008c800000, 0x000000008c800000, 0x000000008c900000|  0%| F|  |TAMS 0x000000008c800000, 0x000000008c800000| Untracked 
|  97|0x000000008c900000, 0x000000008c900000, 0x000000008ca00000|  0%| F|  |TAMS 0x000000008c900000, 0x000000008c900000| Untracked 
|  98|0x000000008ca00000, 0x000000008ca00000, 0x000000008cb00000|  0%| F|  |TAMS 0x000000008ca00000, 0x000000008ca00000| Untracked 
|  99|0x000000008cb00000, 0x000000008cb00000, 0x000000008cc00000|  0%| F|  |TAMS 0x000000008cb00000, 0x000000008cb00000| Untracked 
| 100|0x000000008cc00000, 0x000000008cc00000, 0x000000008cd00000|  0%| F|  |TAMS 0x000000008cc00000, 0x000000008cc00000| Untracked 
| 101|0x000000008cd00000, 0x000000008cd00000, 0x000000008ce00000|  0%| F|  |TAMS 0x000000008cd00000, 0x000000008cd00000| Untracked 
| 102|0x000000008ce00000, 0x000000008ce00000, 0x000000008cf00000|  0%| F|  |TAMS 0x000000008ce00000, 0x000000008ce00000| Untracked 
| 103|0x000000008cf00000, 0x000000008cf00000, 0x000000008d000000|  0%| F|  |TAMS 0x000000008cf00000, 0x000000008cf00000| Untracked 
| 104|0x000000008d000000, 0x000000008d000000, 0x000000008d100000|  0%| F|  |TAMS 0x000000008d000000, 0x000000008d000000| Untracked 
| 105|0x000000008d100000, 0x000000008d100000, 0x000000008d200000|  0%| F|  |TAMS 0x000000008d100000, 0x000000008d100000| Untracked 
| 106|0x000000008d200000, 0x000000008d200000, 0x000000008d300000|  0%| F|  |TAMS 0x000000008d200000, 0x000000008d200000| Untracked 
| 107|0x000000008d300000, 0x000000008d300000, 0x000000008d400000|  0%| F|  |TAMS 0x000000008d300000, 0x000000008d300000| Untracked 
| 108|0x000000008d400000, 0x000000008d400000, 0x000000008d500000|  0%| F|  |TAMS 0x000000008d400000, 0x000000008d400000| Untracked 
| 109|0x000000008d500000, 0x000000008d500000, 0x000000008d600000|  0%| F|  |TAMS 0x000000008d500000, 0x000000008d500000| Untracked 
| 110|0x000000008d600000, 0x000000008d600000, 0x000000008d700000|  0%| F|  |TAMS 0x000000008d600000, 0x000000008d600000| Untracked 
| 111|0x000000008d700000, 0x000000008d700000, 0x000000008d800000|  0%| F|  |TAMS 0x000000008d700000, 0x000000008d700000| Untracked 
| 112|0x000000008d800000, 0x000000008d800000, 0x000000008d900000|  0%| F|  |TAMS 0x000000008d800000, 0x000000008d800000| Untracked 
| 113|0x000000008d900000, 0x000000008d900000, 0x000000008da00000|  0%| F|  |TAMS 0x000000008d900000, 0x000000008d900000| Untracked 
| 114|0x000000008da00000, 0x000000008da00000, 0x000000008db00000|  0%| F|  |TAMS 0x000000008da00000, 0x000000008da00000| Untracked 
| 115|0x000000008db00000, 0x000000008db00000, 0x000000008dc00000|  0%| F|  |TAMS 0x000000008db00000, 0x000000008db00000| Untracked 
| 116|0x000000008dc00000, 0x000000008dc95780, 0x000000008dd00000| 58%| E|  |TAMS 0x000000008dc00000, 0x000000008dc00000| Complete 
| 117|0x000000008dd00000, 0x000000008de00000, 0x000000008de00000|100%| E|CS|TAMS 0x000000008dd00000, 0x000000008dd00000| Complete 
| 118|0x000000008de00000, 0x000000008df00000, 0x000000008df00000|100%| E|CS|TAMS 0x000000008de00000, 0x000000008de00000| Complete 
| 119|0x000000008df00000, 0x000000008e000000, 0x000000008e000000|100%| E|CS|TAMS 0x000000008df00000, 0x000000008df00000| Complete 
| 120|0x000000008e000000, 0x000000008e100000, 0x000000008e100000|100%| E|CS|TAMS 0x000000008e000000, 0x000000008e000000| Complete 
| 121|0x000000008e100000, 0x000000008e200000, 0x000000008e200000|100%| E|CS|TAMS 0x000000008e100000, 0x000000008e100000| Complete 
|1942|0x00000000ffe00000, 0x00000000ffe47000, 0x00000000fff00000| 27%|OA|  |TAMS 0x00000000ffe00000, 0x00000000ffe00000| Untracked 
|1943|0x00000000fff00000, 0x00000000fff6b000, 0x0000000100000000| 41%|CA|  |TAMS 0x00000000fff00000, 0x00000000fff00000| Untracked 

Card table byte_map: [0x00007f7d8c52a000,0x00007f7d8c8f6000] _byte_map_base: 0x00007f7d8c0f6000

Marking Bits (Prev, Next): (CMBitMap*) 0x00007f7d880578f8, (CMBitMap*) 0x00007f7d88057930
 Prev Bits: [0x00007f7d6a1a0000, 0x00007f7d6c000000)
 Next Bits: [0x00007f7d68340000, 0x00007f7d6a1a0000)

Polling page: 0x00007f7d8ed88000

Metaspace:

Usage:
  Non-class:      4.33 MB capacity,     2.63 MB ( 61%) used,     1.70 MB ( 39%) free+waste,     4.38 KB ( <1%) overhead. 
      Class:    458.00 KB capacity,   273.88 KB ( 60%) used,   181.69 KB ( 40%) free+waste,     2.44 KB ( <1%) overhead. 
       Both:      4.78 MB capacity,     2.89 MB ( 61%) used,     1.88 MB ( 39%) free+waste,     6.81 KB ( <1%) overhead. 

Virtual space:
  Non-class space:        8.00 MB reserved,       4.50 MB ( 56%) committed 
      Class space:        1.00 GB reserved,     512.00 KB ( <1%) committed 
             Both:        1.01 GB reserved,       5.00 MB ( <1%) committed 

Chunk freelists:
   Non-Class:  0 bytes
       Class:  0 bytes
        Both:  0 bytes

MaxMetaspaceSize: unlimited
CompressedClassSpaceSize: 1.00 GB

CodeHeap 'non-profiled nmethods': size=120032Kb used=122Kb max_used=122Kb free=119910Kb
 bounds [0x00007f7d78359000, 0x00007f7d785c9000, 0x00007f7d7f891000]
CodeHeap 'profiled nmethods': size=120032Kb used=640Kb max_used=640Kb free=119391Kb
 bounds [0x00007f7d70e21000, 0x00007f7d71091000, 0x00007f7d78359000]
CodeHeap 'non-nmethods': size=5696Kb used=1130Kb max_used=1142Kb free=4566Kb
 bounds [0x00007f7d70891000, 0x00007f7d70b01000, 0x00007f7d70e21000]
 total_blobs=817 nmethods=453 adapters=285
 compilation: enabled
              stopped_count=0, restarted_count=0
 full_count=0

Compilation events (20 events):
Event: 92.135 Thread 0x00007f7d88184800  444       3       java.lang.String::<init> (74 bytes)
Event: 92.135 Thread 0x00007f7d88182000  447       4       java.util.Arrays::copyOfRange (63 bytes)
Event: 92.136 Thread 0x00007f7d88184800 nmethod 444 0x00007f7d70ebd790 code [0x00007f7d70ebd9a0, 0x00007f7d70ebe050]
Event: 92.136 Thread 0x00007f7d88184800  445       3       java.lang.StringUTF16::compress (20 bytes)
Event: 92.136 Thread 0x00007f7d88184800 nmethod 445 0x00007f7d70ebe310 code [0x00007f7d70ebe4e0, 0x00007f7d70ebe720]
Event: 92.136 Thread 0x00007f7d88184800  446       3       org.eclipse.jdt.launching.internal.org.objectweb.asm.SymbolTable::hash (10 bytes)
Event: 92.136 Thread 0x00007f7d88184800 nmethod 446 0x00007f7d70ebe810 code [0x00007f7d70ebe9c0, 0x00007f7d70ebeae0]
Event: 92.139 Thread 0x00007f7d88182000 nmethod 447 0x00007f7d78377290 code [0x00007f7d78377440, 0x00007f7d78377678]
Event: 299.554 Thread 0x00007f7d88184800  448       3       org.eclipse.jdt.launching.internal.org.objectweb.asm.ClassReader::readUtf (161 bytes)
Event: 299.557 Thread 0x00007f7d88184800 nmethod 448 0x00007f7d70ebec10 code [0x00007f7d70ebee20, 0x00007f7d70ebf410]
Event: 299.557 Thread 0x00007f7d88184800  449       3       org.eclipse.jdt.launching.internal.org.objectweb.asm.ClassReader::getItem (7 bytes)
Event: 299.557 Thread 0x00007f7d88184800 nmethod 449 0x00007f7d70ebf810 code [0x00007f7d70ebf9c0, 0x00007f7d70ebfb10]
Event: 299.557 Thread 0x00007f7d88184800  451       3       org.eclipse.jdt.launching.internal.org.objectweb.asm.Symbol::<init> (38 bytes)
Event: 299.558 Thread 0x00007f7d88184800 nmethod 451 0x00007f7d70ebfc10 code [0x00007f7d70ebfdc0, 0x00007f7d70ec0050]
Event: 299.558 Thread 0x00007f7d88184800  453       3       org.eclipse.jdt.launching.internal.org.objectweb.asm.ClassReader::readUTF8 (23 bytes)
Event: 299.558 Thread 0x00007f7d88184800 nmethod 453 0x00007f7d70ec0110 code [0x00007f7d70ec02e0, 0x00007f7d70ec05a0]
Event: 299.558 Thread 0x00007f7d88184800  450       3       org.eclipse.jdt.launching.internal.org.objectweb.asm.SymbolTable$Entry::<init> (17 bytes)
Event: 299.558 Thread 0x00007f7d88184800 nmethod 450 0x00007f7d70ec0710 code [0x00007f7d70ec08c0, 0x00007f7d70ec0a60]
Event: 299.558 Thread 0x00007f7d88184800  452       3       org.eclipse.jdt.launching.internal.org.objectweb.asm.SymbolTable::add (39 bytes)
Event: 299.559 Thread 0x00007f7d88184800 nmethod 452 0x00007f7d70ec0b10 code [0x00007f7d70ec0ce0, 0x00007f7d70ec1050]

GC Heap History (0 events):
No events

Deoptimization events (20 events):
Event: 0.708 Thread 0x00007f7d88017800 DEOPT PACKING pc=0x00007f7d70e90f1f sp=0x00007f7d8d55a4b0
Event: 0.708 Thread 0x00007f7d88017800 DEOPT UNPACKING pc=0x00007f7d708c84ba sp=0x00007f7d8d559998 mode 0
Event: 0.714 Thread 0x00007f7d88017800 DEOPT PACKING pc=0x00007f7d70e90f1f sp=0x00007f7d8d55b6a0
Event: 0.714 Thread 0x00007f7d88017800 DEOPT UNPACKING pc=0x00007f7d708c84ba sp=0x00007f7d8d55ab88 mode 0
Event: 0.714 Thread 0x00007f7d88017800 DEOPT PACKING pc=0x00007f7d70e90f1f sp=0x00007f7d8d55b6a0
Event: 0.714 Thread 0x00007f7d88017800 DEOPT UNPACKING pc=0x00007f7d708c84ba sp=0x00007f7d8d55ab88 mode 0
Event: 0.715 Thread 0x00007f7d88017800 DEOPT PACKING pc=0x00007f7d70e90f1f sp=0x00007f7d8d55b6a0
Event: 0.715 Thread 0x00007f7d88017800 DEOPT UNPACKING pc=0x00007f7d708c84ba sp=0x00007f7d8d55ab88 mode 0
Event: 0.719 Thread 0x00007f7d88017800 DEOPT PACKING pc=0x00007f7d70e90f1f sp=0x00007f7d8d55a430
Event: 0.719 Thread 0x00007f7d88017800 DEOPT UNPACKING pc=0x00007f7d708c84ba sp=0x00007f7d8d559918 mode 0
Event: 0.761 Thread 0x00007f7d88017800 DEOPT PACKING pc=0x00007f7d70e6d895 sp=0x00007f7d8d55c030
Event: 0.761 Thread 0x00007f7d88017800 DEOPT UNPACKING pc=0x00007f7d708c84ba sp=0x00007f7d8d55b4e8 mode 0
Event: 0.774 Thread 0x00007f7d88017800 Uncommon trap: trap_request=0xffffff4d fr.pc=0x00007f7d7835e778 relative=0x00000000000000d8
Event: 0.774 Thread 0x00007f7d88017800 Uncommon trap: reason=unstable_if action=reinterpret pc=0x00007f7d7835e778 method=java.lang.String.isLatin1()Z @ 10 c2
Event: 0.774 Thread 0x00007f7d88017800 DEOPT PACKING pc=0x00007f7d7835e778 sp=0x00007f7d8d55e370
Event: 0.774 Thread 0x00007f7d88017800 DEOPT UNPACKING pc=0x00007f7d708c86a5 sp=0x00007f7d8d55e2e0 mode 2
Event: 0.775 Thread 0x00007f7d88017800 Uncommon trap: trap_request=0xffffff4d fr.pc=0x00007f7d7836320c relative=0x000000000000006c
Event: 0.775 Thread 0x00007f7d88017800 Uncommon trap: reason=unstable_if action=reinterpret pc=0x00007f7d7836320c method=java.lang.String.isLatin1()Z @ 10 c2
Event: 0.775 Thread 0x00007f7d88017800 DEOPT PACKING pc=0x00007f7d7836320c sp=0x00007f7d8d55e580
Event: 0.775 Thread 0x00007f7d88017800 DEOPT UNPACKING pc=0x00007f7d708c86a5 sp=0x00007f7d8d55e540 mode 2

Classes redefined (2 events):
Event: 92.158 Thread 0x00007f7d88172800 redefined class name=intermediate.quicksort, count=1
Event: 299.556 Thread 0x00007f7d88172800 redefined class name=intermediate.quicksort, count=2

Internal exceptions (1 events):
Event: 0.750 Thread 0x00007f7d88017800 Exception <a 'java/lang/NoSuchMethodError'{0x000000008ddb9cc8}: 'int java.lang.invoke.DirectMethodHandle$Holder.invokeSpecialIFC(java.lang.Object, java.lang.Object, int)'> (0x000000008ddb9cc8) thrown at [src/hotspot/share/interpreter/linkResolver.cpp, line 772]

Events (20 events):
Event: 0.760 loading class jdk/internal/module/ModulePatcher$PatchedModuleReader done
Event: 0.762 loading class java/lang/WeakPairMap$Pair$Weak
Event: 0.762 loading class java/lang/WeakPairMap$WeakRefPeer
Event: 0.763 loading class java/lang/WeakPairMap$WeakRefPeer done
Event: 0.763 loading class java/lang/WeakPairMap$Pair$Weak done
Event: 0.763 loading class java/lang/WeakPairMap$Pair$Weak$1
Event: 0.763 loading class java/lang/WeakPairMap$Pair$Weak$1 done
Event: 0.772 loading class sun/text/resources/cldr/FormatData_en_US
Event: 0.772 loading class sun/text/resources/cldr/FormatData_en_US done
Event: 0.779 loading class java/util/regex/Pattern$Curly
Event: 0.779 loading class java/util/regex/Pattern$Curly done
Event: 0.779 loading class java/util/regex/Pattern$GroupCurly
Event: 0.779 loading class java/util/regex/Pattern$GroupCurly done
Event: 4.323 loading class java/util/regex/Pattern$2
Event: 4.323 loading class java/util/regex/Pattern$2 done
Event: 92.155 Executing VM operation: RedefineClasses
Event: 92.159 Executing VM operation: RedefineClasses done
Event: 299.555 Executing VM operation: RedefineClasses
Event: 299.557 Executing VM operation: RedefineClasses done
Event: 3101.772 loading class java/util/NoSuchElementException


Dynamic libraries:
86800000-8e200000 rw-p 00000000 00:00 0 
8e200000-ffe00000 ---p 00000000 00:00 0 
ffe00000-ffe47000 rw-p 01111000 08:06 1572871                            /usr/lib/jvm/java-11-openjdk-amd64/lib/server/classes.jsa
ffe47000-fff00000 rw-p 00000000 00:00 0 
fff00000-fff6b000 rw-p 010a6000 08:06 1572871                            /usr/lib/jvm/java-11-openjdk-amd64/lib/server/classes.jsa
fff6b000-100000000 rw-p 00000000 00:00 0 
800000000-800002000 rwxp 00001000 08:06 1572871                          /usr/lib/jvm/java-11-openjdk-amd64/lib/server/classes.jsa
800002000-8010a5000 rw-p 00003000 08:06 1572871                          /usr/lib/jvm/java-11-openjdk-amd64/lib/server/classes.jsa
840000000-840080000 rw-p 00000000 00:00 0 
840080000-880000000 ---p 00000000 00:00 0 
55c6b0b93000-55c6b0b94000 r--p 00000000 08:06 1573555                    /usr/lib/jvm/java-11-openjdk-amd64/bin/java
55c6b0b94000-55c6b0b95000 r-xp 00001000 08:06 1573555                    /usr/lib/jvm/java-11-openjdk-amd64/bin/java
55c6b0b95000-55c6b0b96000 r--p 00002000 08:06 1573555                    /usr/lib/jvm/java-11-openjdk-amd64/bin/java
55c6b0b96000-55c6b0b97000 r--p 00002000 08:06 1573555                    /usr/lib/jvm/java-11-openjdk-amd64/bin/java
55c6b0b97000-55c6b0b98000 rw-p 00003000 08:06 1573555                    /usr/lib/jvm/java-11-openjdk-amd64/bin/java
55c6b1ca4000-55c6b1cc5000 rw-p 00000000 00:00 0                          [heap]
7f7d20000000-7f7d20021000 rw-p 00000000 00:00 0 
7f7d20021000-7f7d24000000 ---p 00000000 00:00 0 
7f7d24000000-7f7d24021000 rw-p 00000000 00:00 0 
7f7d24021000-7f7d28000000 ---p 00000000 00:00 0 
7f7d28000000-7f7d28021000 rw-p 00000000 00:00 0 
7f7d28021000-7f7d2c000000 ---p 00000000 00:00 0 
7f7d2c000000-7f7d2c021000 rw-p 00000000 00:00 0 
7f7d2c021000-7f7d30000000 ---p 00000000 00:00 0 
7f7d30000000-7f7d30021000 rw-p 00000000 00:00 0 
7f7d30021000-7f7d34000000 ---p 00000000 00:00 0 
7f7d34000000-7f7d34021000 rw-p 00000000 00:00 0 
7f7d34021000-7f7d38000000 ---p 00000000 00:00 0 
7f7d38000000-7f7d3821b000 rw-p 00000000 00:00 0 
7f7d3821b000-7f7d3c000000 ---p 00000000 00:00 0 
7f7d3c000000-7f7d3c0b5000 rw-p 00000000 00:00 0 
7f7d3c0b5000-7f7d40000000 ---p 00000000 00:00 0 
7f7d40000000-7f7d40021000 rw-p 00000000 00:00 0 
7f7d40021000-7f7d44000000 ---p 00000000 00:00 0 
7f7d44000000-7f7d44021000 rw-p 00000000 00:00 0 
7f7d44021000-7f7d48000000 ---p 00000000 00:00 0 
7f7d48000000-7f7d48021000 rw-p 00000000 00:00 0 
7f7d48021000-7f7d4c000000 ---p 00000000 00:00 0 
7f7d4c000000-7f7d4c021000 rw-p 00000000 00:00 0 
7f7d4c021000-7f7d50000000 ---p 00000000 00:00 0 
7f7d50000000-7f7d50021000 rw-p 00000000 00:00 0 
7f7d50021000-7f7d54000000 ---p 00000000 00:00 0 
7f7d54000000-7f7d54021000 rw-p 00000000 00:00 0 
7f7d54021000-7f7d58000000 ---p 00000000 00:00 0 
7f7d58000000-7f7d58021000 rw-p 00000000 00:00 0 
7f7d58021000-7f7d5c000000 ---p 00000000 00:00 0 
7f7d5c000000-7f7d5c021000 rw-p 00000000 00:00 0 
7f7d5c021000-7f7d60000000 ---p 00000000 00:00 0 
7f7d60836000-7f7d60837000 ---p 00000000 00:00 0 
7f7d60837000-7f7d60938000 rw-p 00000000 00:00 0 
7f7d60938000-7f7d6093c000 ---p 00000000 00:00 0 
7f7d6093c000-7f7d60a39000 rw-p 00000000 00:00 0 
7f7d60a39000-7f7d60a3d000 ---p 00000000 00:00 0 
7f7d60a3d000-7f7d60b3a000 rw-p 00000000 00:00 0 
7f7d60b3a000-7f7d60b3e000 ---p 00000000 00:00 0 
7f7d60b3e000-7f7d60c3b000 rw-p 00000000 00:00 0 
7f7d60c3b000-7f7d60c3f000 ---p 00000000 00:00 0 
7f7d60c3f000-7f7d60d3c000 rw-p 00000000 00:00 0 
7f7d60d3c000-7f7d60d40000 ---p 00000000 00:00 0 
7f7d60d40000-7f7d60e3d000 rw-p 00000000 00:00 0 
7f7d60e3d000-7f7d60e41000 ---p 00000000 00:00 0 
7f7d60e41000-7f7d60f3e000 rw-p 00000000 00:00 0 
7f7d60f3e000-7f7d60f42000 ---p 00000000 00:00 0 
7f7d60f42000-7f7d6103f000 rw-p 00000000 00:00 0 
7f7d6103f000-7f7d61043000 ---p 00000000 00:00 0 
7f7d61043000-7f7d61140000 rw-p 00000000 00:00 0 
7f7d61140000-7f7d61144000 ---p 00000000 00:00 0 
7f7d61144000-7f7d61241000 rw-p 00000000 00:00 0 
7f7d61241000-7f7d61800000 r--p 00000000 08:06 1460782                    /usr/lib/locale/locale-archive
7f7d61800000-7f7d61c80000 rw-p 00000000 00:00 0 
7f7d61c80000-7f7d62000000 ---p 00000000 00:00 0 
7f7d62000000-7f7d64000000 rw-p 00000000 00:00 0 
7f7d64000000-7f7d64021000 rw-p 00000000 00:00 0 
7f7d64021000-7f7d68000000 ---p 00000000 00:00 0 
7f7d6803c000-7f7d68040000 ---p 00000000 00:00 0 
7f7d68040000-7f7d6813d000 rw-p 00000000 00:00 0 
7f7d6813d000-7f7d68141000 ---p 00000000 00:00 0 
7f7d68141000-7f7d6823e000 rw-p 00000000 00:00 0 
7f7d6823e000-7f7d6823f000 ---p 00000000 00:00 0 
7f7d6823f000-7f7d68528000 rw-p 00000000 00:00 0 
7f7d68528000-7f7d6a198000 ---p 00000000 00:00 0 
7f7d6a198000-7f7d6a388000 rw-p 00000000 00:00 0 
7f7d6a388000-7f7d6bff8000 ---p 00000000 00:00 0 
7f7d6bff8000-7f7d6c000000 rw-p 00000000 00:00 0 
7f7d6c000000-7f7d6c021000 rw-p 00000000 00:00 0 
7f7d6c021000-7f7d70000000 ---p 00000000 00:00 0 
7f7d7007e000-7f7d70082000 r--p 00000000 08:06 1573631                    /usr/lib/jvm/java-11-openjdk-amd64/lib/libnet.so
7f7d70082000-7f7d70091000 r-xp 00004000 08:06 1573631                    /usr/lib/jvm/java-11-openjdk-amd64/lib/libnet.so
7f7d70091000-7f7d70095000 r--p 00013000 08:06 1573631                    /usr/lib/jvm/java-11-openjdk-amd64/lib/libnet.so
7f7d70095000-7f7d70096000 r--p 00016000 08:06 1573631                    /usr/lib/jvm/java-11-openjdk-amd64/lib/libnet.so
7f7d70096000-7f7d70097000 rw-p 00017000 08:06 1573631                    /usr/lib/jvm/java-11-openjdk-amd64/lib/libnet.so
7f7d70097000-7f7d7009e000 r--p 00000000 08:06 1573632                    /usr/lib/jvm/java-11-openjdk-amd64/lib/libnio.so
7f7d7009e000-7f7d700a6000 r-xp 00007000 08:06 1573632                    /usr/lib/jvm/java-11-openjdk-amd64/lib/libnio.so
7f7d700a6000-7f7d700a9000 r--p 0000f000 08:06 1573632                    /usr/lib/jvm/java-11-openjdk-amd64/lib/libnio.so
7f7d700a9000-7f7d700aa000 r--p 00011000 08:06 1573632                    /usr/lib/jvm/java-11-openjdk-amd64/lib/libnio.so
7f7d700aa000-7f7d700ab000 rw-p 00012000 08:06 1573632                    /usr/lib/jvm/java-11-openjdk-amd64/lib/libnio.so
7f7d700ab000-7f7d70187000 rw-p 00000000 00:00 0 
7f7d70187000-7f7d70188000 ---p 00000000 00:00 0 
7f7d70188000-7f7d70289000 rw-p 00000000 00:00 0 
7f7d70289000-7f7d7028a000 ---p 00000000 00:00 0 
7f7d7028a000-7f7d7078f000 rw-p 00000000 00:00 0 
7f7d7078f000-7f7d70790000 ---p 00000000 00:00 0 
7f7d70790000-7f7d70891000 rw-p 00000000 00:00 0 
7f7d70891000-7f7d70b01000 rwxp 00000000 00:00 0 
7f7d70b01000-7f7d70e21000 ---p 00000000 00:00 0 
7f7d70e21000-7f7d71091000 rwxp 00000000 00:00 0 
7f7d71091000-7f7d78359000 ---p 00000000 00:00 0 
7f7d78359000-7f7d785c9000 rwxp 00000000 00:00 0 
7f7d785c9000-7f7d7f891000 ---p 00000000 00:00 0 
7f7d88000000-7f7d88373000 rw-p 00000000 00:00 0 
7f7d88373000-7f7d8c000000 ---p 00000000 00:00 0 
7f7d8c012000-7f7d8c014000 r--p 00000000 08:06 1573611                    /usr/lib/jvm/java-11-openjdk-amd64/lib/libdt_socket.so
7f7d8c014000-7f7d8c017000 r-xp 00002000 08:06 1573611                    /usr/lib/jvm/java-11-openjdk-amd64/lib/libdt_socket.so
7f7d8c017000-7f7d8c018000 r--p 00005000 08:06 1573611                    /usr/lib/jvm/java-11-openjdk-amd64/lib/libdt_socket.so
7f7d8c018000-7f7d8c019000 ---p 00006000 08:06 1573611                    /usr/lib/jvm/java-11-openjdk-amd64/lib/libdt_socket.so
7f7d8c019000-7f7d8c01a000 r--p 00006000 08:06 1573611                    /usr/lib/jvm/java-11-openjdk-amd64/lib/libdt_socket.so
7f7d8c01a000-7f7d8c01b000 rw-p 00007000 08:06 1573611                    /usr/lib/jvm/java-11-openjdk-amd64/lib/libdt_socket.so
7f7d8c01b000-7f7d8c01c000 ---p 00000000 00:00 0 
7f7d8c01c000-7f7d8c19b000 rw-p 00000000 00:00 0 
7f7d8c19b000-7f7d8c529000 ---p 00000000 00:00 0 
7f7d8c529000-7f7d8c567000 rw-p 00000000 00:00 0 
7f7d8c567000-7f7d8c8f5000 ---p 00000000 00:00 0 
7f7d8c8f5000-7f7d8c933000 rw-p 00000000 00:00 0 
7f7d8c933000-7f7d8ccc1000 ---p 00000000 00:00 0 
7f7d8ccc1000-7f7d8d0c6000 rw-p 00000000 00:00 0 
7f7d8d0c6000-7f7d8d0c7000 ---p 00000000 00:00 0 
7f7d8d0c7000-7f7d8d1cd000 rw-p 00000000 00:00 0 
7f7d8d1cd000-7f7d8d2b3000 ---p 00000000 00:00 0 
7f7d8d2b3000-7f7d8d2b8000 rw-p 00000000 00:00 0 
7f7d8d2b8000-7f7d8d39e000 ---p 00000000 00:00 0 
7f7d8d39e000-7f7d8d3a3000 rw-p 00000000 00:00 0 
7f7d8d3a3000-7f7d8d3aa000 ---p 00000000 00:00 0 
7f7d8d3aa000-7f7d8d3ad000 r--p 00000000 08:06 1444520                    /usr/lib/x86_64-linux-gnu/libnss_files-2.31.so
7f7d8d3ad000-7f7d8d3b4000 r-xp 00003000 08:06 1444520                    /usr/lib/x86_64-linux-gnu/libnss_files-2.31.so
7f7d8d3b4000-7f7d8d3b6000 r--p 0000a000 08:06 1444520                    /usr/lib/x86_64-linux-gnu/libnss_files-2.31.so
7f7d8d3b6000-7f7d8d3b7000 r--p 0000b000 08:06 1444520                    /usr/lib/x86_64-linux-gnu/libnss_files-2.31.so
7f7d8d3b7000-7f7d8d3b8000 rw-p 0000c000 08:06 1444520                    /usr/lib/x86_64-linux-gnu/libnss_files-2.31.so
7f7d8d3b8000-7f7d8d3be000 rw-p 00000000 00:00 0 
7f7d8d3c0000-7f7d8d3c7000 r--s 00000000 08:06 1966661                    /usr/lib/x86_64-linux-gnu/gconv/gconv-modules.cache
7f7d8d3c7000-7f7d8d3c9000 r--s 0000c000 08:06 2108687                    /usr/share/java/java-atk-wrapper.jar
7f7d8d3c9000-7f7d8d3cb000 r--p 00000000 08:06 1573640                    /usr/lib/jvm/java-11-openjdk-amd64/lib/libzip.so
7f7d8d3cb000-7f7d8d3cf000 r-xp 00002000 08:06 1573640                    /usr/lib/jvm/java-11-openjdk-amd64/lib/libzip.so
7f7d8d3cf000-7f7d8d3d1000 r--p 00006000 08:06 1573640                    /usr/lib/jvm/java-11-openjdk-amd64/lib/libzip.so
7f7d8d3d1000-7f7d8d3d2000 r--p 00007000 08:06 1573640                    /usr/lib/jvm/java-11-openjdk-amd64/lib/libzip.so
7f7d8d3d2000-7f7d8d3d3000 rw-p 00008000 08:06 1573640                    /usr/lib/jvm/java-11-openjdk-amd64/lib/libzip.so
7f7d8d3d3000-7f7d8d3db000 rw-s 00000000 08:06 2770153                    /tmp/hsperfdata_yme/199543
7f7d8d3db000-7f7d8d3dd000 r--p 00000000 08:06 1573614                    /usr/lib/jvm/java-11-openjdk-amd64/lib/libinstrument.so
7f7d8d3dd000-7f7d8d3e3000 r-xp 00002000 08:06 1573614                    /usr/lib/jvm/java-11-openjdk-amd64/lib/libinstrument.so
7f7d8d3e3000-7f7d8d3e6000 r--p 00008000 08:06 1573614                    /usr/lib/jvm/java-11-openjdk-amd64/lib/libinstrument.so
7f7d8d3e6000-7f7d8d3e7000 r--p 0000a000 08:06 1573614                    /usr/lib/jvm/java-11-openjdk-amd64/lib/libinstrument.so
7f7d8d3e7000-7f7d8d3e8000 rw-p 0000b000 08:06 1573614                    /usr/lib/jvm/java-11-openjdk-amd64/lib/libinstrument.so
7f7d8d3e8000-7f7d8d3ea000 r--p 00000000 08:06 1573622                    /usr/lib/jvm/java-11-openjdk-amd64/lib/libjdwp.so
7f7d8d3ea000-7f7d8d416000 r-xp 00002000 08:06 1573622                    /usr/lib/jvm/java-11-openjdk-amd64/lib/libjdwp.so
7f7d8d416000-7f7d8d424000 r--p 0002e000 08:06 1573622                    /usr/lib/jvm/java-11-openjdk-amd64/lib/libjdwp.so
7f7d8d424000-7f7d8d425000 r--p 0003b000 08:06 1573622                    /usr/lib/jvm/java-11-openjdk-amd64/lib/libjdwp.so
7f7d8d425000-7f7d8d426000 rw-p 0003c000 08:06 1573622                    /usr/lib/jvm/java-11-openjdk-amd64/lib/libjdwp.so
7f7d8d426000-7f7d8d434000 r--p 00000000 08:06 1573619                    /usr/lib/jvm/java-11-openjdk-amd64/lib/libjava.so
7f7d8d434000-7f7d8d44a000 r-xp 0000e000 08:06 1573619                    /usr/lib/jvm/java-11-openjdk-amd64/lib/libjava.so
7f7d8d44a000-7f7d8d451000 r--p 00024000 08:06 1573619                    /usr/lib/jvm/java-11-openjdk-amd64/lib/libjava.so
7f7d8d451000-7f7d8d452000 r--p 0002a000 08:06 1573619                    /usr/lib/jvm/java-11-openjdk-amd64/lib/libjava.so
7f7d8d452000-7f7d8d453000 rw-p 0002b000 08:06 1573619                    /usr/lib/jvm/java-11-openjdk-amd64/lib/libjava.so
7f7d8d453000-7f7d8d454000 rw-p 00000000 00:00 0 
7f7d8d454000-7f7d8d457000 r--p 00000000 08:06 1444527                    /usr/lib/x86_64-linux-gnu/librt-2.31.so
7f7d8d457000-7f7d8d45b000 r-xp 00003000 08:06 1444527                    /usr/lib/x86_64-linux-gnu/librt-2.31.so
7f7d8d45b000-7f7d8d45c000 r--p 00007000 08:06 1444527                    /usr/lib/x86_64-linux-gnu/librt-2.31.so
7f7d8d45c000-7f7d8d45d000 ---p 00008000 08:06 1444527                    /usr/lib/x86_64-linux-gnu/librt-2.31.so
7f7d8d45d000-7f7d8d45e000 r--p 00008000 08:06 1444527                    /usr/lib/x86_64-linux-gnu/librt-2.31.so
7f7d8d45e000-7f7d8d45f000 rw-p 00009000 08:06 1444527                    /usr/lib/x86_64-linux-gnu/librt-2.31.so
7f7d8d45f000-7f7d8d463000 ---p 00000000 00:00 0 
7f7d8d463000-7f7d8d560000 rw-p 00000000 00:00 0 
7f7d8d560000-7f7d8d563000 r--p 00000000 08:06 1449329                    /usr/lib/x86_64-linux-gnu/libgcc_s.so.1
7f7d8d563000-7f7d8d575000 r-xp 00003000 08:06 1449329                    /usr/lib/x86_64-linux-gnu/libgcc_s.so.1
7f7d8d575000-7f7d8d579000 r--p 00015000 08:06 1449329                    /usr/lib/x86_64-linux-gnu/libgcc_s.so.1
7f7d8d579000-7f7d8d57a000 r--p 00018000 08:06 1449329                    /usr/lib/x86_64-linux-gnu/libgcc_s.so.1
7f7d8d57a000-7f7d8d57b000 rw-p 00019000 08:06 1449329                    /usr/lib/x86_64-linux-gnu/libgcc_s.so.1
7f7d8d57b000-7f7d8d58a000 r--p 00000000 08:06 1444514                    /usr/lib/x86_64-linux-gnu/libm-2.31.so
7f7d8d58a000-7f7d8d631000 r-xp 0000f000 08:06 1444514                    /usr/lib/x86_64-linux-gnu/libm-2.31.so
7f7d8d631000-7f7d8d6c8000 r--p 000b6000 08:06 1444514                    /usr/lib/x86_64-linux-gnu/libm-2.31.so
7f7d8d6c8000-7f7d8d6c9000 r--p 0014c000 08:06 1444514                    /usr/lib/x86_64-linux-gnu/libm-2.31.so
7f7d8d6c9000-7f7d8d6ca000 rw-p 0014d000 08:06 1444514                    /usr/lib/x86_64-linux-gnu/libm-2.31.so
7f7d8d6ca000-7f7d8d760000 r--p 00000000 08:06 1506643                    /usr/lib/x86_64-linux-gnu/libstdc++.so.6.0.28
7f7d8d760000-7f7d8d850000 r-xp 00096000 08:06 1506643                    /usr/lib/x86_64-linux-gnu/libstdc++.so.6.0.28
7f7d8d850000-7f7d8d899000 r--p 00186000 08:06 1506643                    /usr/lib/x86_64-linux-gnu/libstdc++.so.6.0.28
7f7d8d899000-7f7d8d89a000 ---p 001cf000 08:06 1506643                    /usr/lib/x86_64-linux-gnu/libstdc++.so.6.0.28
7f7d8d89a000-7f7d8d8a5000 r--p 001cf000 08:06 1506643                    /usr/lib/x86_64-linux-gnu/libstdc++.so.6.0.28
7f7d8d8a5000-7f7d8d8a8000 rw-p 001da000 08:06 1506643                    /usr/lib/x86_64-linux-gnu/libstdc++.so.6.0.28
7f7d8d8a8000-7f7d8d8ab000 rw-p 00000000 00:00 0 
7f7d8d8ab000-7f7d8db24000 r--p 00000000 08:06 1573644                    /usr/lib/jvm/java-11-openjdk-amd64/lib/server/libjvm.so
7f7d8db24000-7f7d8e7a5000 r-xp 00279000 08:06 1573644                    /usr/lib/jvm/java-11-openjdk-amd64/lib/server/libjvm.so
7f7d8e7a5000-7f7d8e9fb000 r--p 00efa000 08:06 1573644                    /usr/lib/jvm/java-11-openjdk-amd64/lib/server/libjvm.so
7f7d8e9fb000-7f7d8e9fc000 ---p 01150000 08:06 1573644                    /usr/lib/jvm/java-11-openjdk-amd64/lib/server/libjvm.so
7f7d8e9fc000-7f7d8eabd000 r--p 01150000 08:06 1573644                    /usr/lib/jvm/java-11-openjdk-amd64/lib/server/libjvm.so
7f7d8eabd000-7f7d8eaf8000 rw-p 01211000 08:06 1573644                    /usr/lib/jvm/java-11-openjdk-amd64/lib/server/libjvm.so
7f7d8eaf8000-7f7d8eb51000 rw-p 00000000 00:00 0 
7f7d8eb51000-7f7d8eb58000 r--p 00000000 08:06 1444525                    /usr/lib/x86_64-linux-gnu/libpthread-2.31.so
7f7d8eb58000-7f7d8eb69000 r-xp 00007000 08:06 1444525                    /usr/lib/x86_64-linux-gnu/libpthread-2.31.so
7f7d8eb69000-7f7d8eb6e000 r--p 00018000 08:06 1444525                    /usr/lib/x86_64-linux-gnu/libpthread-2.31.so
7f7d8eb6e000-7f7d8eb6f000 r--p 0001c000 08:06 1444525                    /usr/lib/x86_64-linux-gnu/libpthread-2.31.so
7f7d8eb6f000-7f7d8eb70000 rw-p 0001d000 08:06 1444525                    /usr/lib/x86_64-linux-gnu/libpthread-2.31.so
7f7d8eb70000-7f7d8eb74000 rw-p 00000000 00:00 0 
7f7d8eb74000-7f7d8eb75000 r--p 00000000 08:06 1444513                    /usr/lib/x86_64-linux-gnu/libdl-2.31.so
7f7d8eb75000-7f7d8eb77000 r-xp 00001000 08:06 1444513                    /usr/lib/x86_64-linux-gnu/libdl-2.31.so
7f7d8eb77000-7f7d8eb78000 r--p 00003000 08:06 1444513                    /usr/lib/x86_64-linux-gnu/libdl-2.31.so
7f7d8eb78000-7f7d8eb79000 r--p 00003000 08:06 1444513                    /usr/lib/x86_64-linux-gnu/libdl-2.31.so
7f7d8eb79000-7f7d8eb7a000 rw-p 00004000 08:06 1444513                    /usr/lib/x86_64-linux-gnu/libdl-2.31.so
7f7d8eb7a000-7f7d8eb7c000 r--p 00000000 08:06 1446024                    /usr/lib/x86_64-linux-gnu/libz.so.1.2.11
7f7d8eb7c000-7f7d8eb8d000 r-xp 00002000 08:06 1446024                    /usr/lib/x86_64-linux-gnu/libz.so.1.2.11
7f7d8eb8d000-7f7d8eb93000 r--p 00013000 08:06 1446024                    /usr/lib/x86_64-linux-gnu/libz.so.1.2.11
7f7d8eb93000-7f7d8eb94000 ---p 00019000 08:06 1446024                    /usr/lib/x86_64-linux-gnu/libz.so.1.2.11
7f7d8eb94000-7f7d8eb95000 r--p 00019000 08:06 1446024                    /usr/lib/x86_64-linux-gnu/libz.so.1.2.11
7f7d8eb95000-7f7d8eb96000 rw-p 0001a000 08:06 1446024                    /usr/lib/x86_64-linux-gnu/libz.so.1.2.11
7f7d8eb96000-7f7d8ebbb000 r--p 00000000 08:06 1444512                    /usr/lib/x86_64-linux-gnu/libc-2.31.so
7f7d8ebbb000-7f7d8ed33000 r-xp 00025000 08:06 1444512                    /usr/lib/x86_64-linux-gnu/libc-2.31.so
7f7d8ed33000-7f7d8ed7d000 r--p 0019d000 08:06 1444512                    /usr/lib/x86_64-linux-gnu/libc-2.31.so
7f7d8ed7d000-7f7d8ed7e000 ---p 001e7000 08:06 1444512                    /usr/lib/x86_64-linux-gnu/libc-2.31.so
7f7d8ed7e000-7f7d8ed81000 r--p 001e7000 08:06 1444512                    /usr/lib/x86_64-linux-gnu/libc-2.31.so
7f7d8ed81000-7f7d8ed84000 rw-p 001ea000 08:06 1444512                    /usr/lib/x86_64-linux-gnu/libc-2.31.so
7f7d8ed84000-7f7d8ed88000 rw-p 00000000 00:00 0 
7f7d8ed88000-7f7d8ed89000 ---p 00000000 00:00 0 
7f7d8ed89000-7f7d8ed8a000 r--p 00000000 00:00 0 
7f7d8ed8a000-7f7d8ed8c000 r--p 00000000 08:06 1573623                    /usr/lib/jvm/java-11-openjdk-amd64/lib/libjimage.so
7f7d8ed8c000-7f7d8ed8f000 r-xp 00002000 08:06 1573623                    /usr/lib/jvm/java-11-openjdk-amd64/lib/libjimage.so
7f7d8ed8f000-7f7d8ed90000 r--p 00005000 08:06 1573623                    /usr/lib/jvm/java-11-openjdk-amd64/lib/libjimage.so
7f7d8ed90000-7f7d8ed91000 ---p 00006000 08:06 1573623                    /usr/lib/jvm/java-11-openjdk-amd64/lib/libjimage.so
7f7d8ed91000-7f7d8ed92000 r--p 00006000 08:06 1573623                    /usr/lib/jvm/java-11-openjdk-amd64/lib/libjimage.so
7f7d8ed92000-7f7d8ed93000 rw-p 00007000 08:06 1573623                    /usr/lib/jvm/java-11-openjdk-amd64/lib/libjimage.so
7f7d8ed93000-7f7d8ed98000 r--p 00000000 08:06 1573639                    /usr/lib/jvm/java-11-openjdk-amd64/lib/libverify.so
7f7d8ed98000-7f7d8ed9f000 r-xp 00005000 08:06 1573639                    /usr/lib/jvm/java-11-openjdk-amd64/lib/libverify.so
7f7d8ed9f000-7f7d8eda1000 r--p 0000c000 08:06 1573639                    /usr/lib/jvm/java-11-openjdk-amd64/lib/libverify.so
7f7d8eda1000-7f7d8eda2000 ---p 0000e000 08:06 1573639                    /usr/lib/jvm/java-11-openjdk-amd64/lib/libverify.so
7f7d8eda2000-7f7d8eda4000 r--p 0000e000 08:06 1573639                    /usr/lib/jvm/java-11-openjdk-amd64/lib/libverify.so
7f7d8eda4000-7f7d8eda5000 rw-p 00010000 08:06 1573639                    /usr/lib/jvm/java-11-openjdk-amd64/lib/libverify.so
7f7d8eda5000-7f7d8eda8000 r--p 00000000 08:06 1573598                    /usr/lib/jvm/java-11-openjdk-amd64/lib/jli/libjli.so
7f7d8eda8000-7f7d8edb2000 r-xp 00003000 08:06 1573598                    /usr/lib/jvm/java-11-openjdk-amd64/lib/jli/libjli.so
7f7d8edb2000-7f7d8edb5000 r--p 0000d000 08:06 1573598                    /usr/lib/jvm/java-11-openjdk-amd64/lib/jli/libjli.so
7f7d8edb5000-7f7d8edb6000 ---p 00010000 08:06 1573598                    /usr/lib/jvm/java-11-openjdk-amd64/lib/jli/libjli.so
7f7d8edb6000-7f7d8edb7000 r--p 00010000 08:06 1573598                    /usr/lib/jvm/java-11-openjdk-amd64/lib/jli/libjli.so
7f7d8edb7000-7f7d8edb8000 rw-p 00011000 08:06 1573598                    /usr/lib/jvm/java-11-openjdk-amd64/lib/jli/libjli.so
7f7d8edb8000-7f7d8edba000 rw-p 00000000 00:00 0 
7f7d8edba000-7f7d8edbb000 r--p 00000000 08:06 1444507                    /usr/lib/x86_64-linux-gnu/ld-2.31.so
7f7d8edbb000-7f7d8edde000 r-xp 00001000 08:06 1444507                    /usr/lib/x86_64-linux-gnu/ld-2.31.so
7f7d8edde000-7f7d8ede6000 r--p 00024000 08:06 1444507                    /usr/lib/x86_64-linux-gnu/ld-2.31.so
7f7d8ede7000-7f7d8ede8000 r--p 0002c000 08:06 1444507                    /usr/lib/x86_64-linux-gnu/ld-2.31.so
7f7d8ede8000-7f7d8ede9000 rw-p 0002d000 08:06 1444507                    /usr/lib/x86_64-linux-gnu/ld-2.31.so
7f7d8ede9000-7f7d8edea000 rw-p 00000000 00:00 0 
7ffee27b9000-7ffee27da000 rw-p 00000000 00:00 0                          [stack]
7ffee27db000-7ffee27df000 r--p 00000000 00:00 0                          [vvar]
7ffee27df000-7ffee27e1000 r-xp 00000000 00:00 0                          [vdso]
ffffffffff600000-ffffffffff601000 --xp 00000000 00:00 0                  [vsyscall]


VM Arguments:
jvm_args: -agentlib:jdwp=transport=dt_socket,suspend=y,address=localhost:44327 -javaagent:/home/yme/eclipse/java-2020-06/eclipse/configuration/org.eclipse.osgi/215/0/.cp/lib/javaagent-shaded.jar -Dfile.encoding=UTF-8 
java_command: intermediate.quicksort
java_class_path (initial): /home/yme/eclipse-workspace/JAVARaa/intermediate/bin
Launcher Type: SUN_STANDARD

[Global flags]
     intx CICompilerCount                          = 3                                         {product} {ergonomic}
     uint ConcGCThreads                            = 1                                         {product} {ergonomic}
     uint G1ConcRefinementThreads                  = 4                                         {product} {ergonomic}
   size_t G1HeapRegionSize                         = 1048576                                   {product} {ergonomic}
    uintx GCDrainStackTargetSize                   = 64                                        {product} {ergonomic}
   size_t InitialHeapSize                          = 127926272                                 {product} {ergonomic}
   size_t MarkStackSize                            = 4194304                                   {product} {ergonomic}
   size_t MaxHeapSize                              = 2038431744                                {product} {ergonomic}
   size_t MaxNewSize                               = 1222639616                                {product} {ergonomic}
   size_t MinHeapDeltaBytes                        = 1048576                                   {product} {ergonomic}
    uintx NonNMethodCodeHeapSize                   = 5830732                                {pd product} {ergonomic}
    uintx NonProfiledCodeHeapSize                  = 122913754                              {pd product} {ergonomic}
    uintx ProfiledCodeHeapSize                     = 122913754                              {pd product} {ergonomic}
    uintx ReservedCodeCacheSize                    = 251658240                              {pd product} {ergonomic}
     bool SegmentedCodeCache                       = true                                      {product} {ergonomic}
     bool UseCompressedClassPointers               = true                                 {lp64_product} {ergonomic}
     bool UseCompressedOops                        = true                                 {lp64_product} {ergonomic}
     bool UseG1GC                                  = true                                      {product} {ergonomic}

Logging:
